2017-08-27 02:30:41,060 DEBUG o.s.web.servlet.DispatcherServlet - Initializing servlet 'dispatcherServlet'
2017-08-27 02:30:41,067 INFO  o.a.c.c.C.[Tomcat].[localhost].[/] - Initializing Spring FrameworkServlet 'dispatcherServlet'
2017-08-27 02:30:41,067 INFO  o.s.web.servlet.DispatcherServlet - FrameworkServlet 'dispatcherServlet': initialization started
2017-08-27 02:30:41,067 DEBUG o.s.b.f.s.DefaultListableBeanFactory - Returning cached instance of singleton bean 'multipartResolver'
2017-08-27 02:30:41,067 DEBUG o.s.web.servlet.DispatcherServlet - Using MultipartResolver [org.springframework.web.multipart.support.StandardServletMultipartResolver@23d060c2]
2017-08-27 02:30:41,068 DEBUG o.s.b.f.s.DefaultListableBeanFactory - Creating instance of bean 'org.springframework.web.servlet.i18n.AcceptHeaderLocaleResolver'
2017-08-27 02:30:41,068 DEBUG o.s.b.f.s.DefaultListableBeanFactory - Returning cached instance of singleton bean 'org.springframework.transaction.config.internalTransactionAdvisor'
2017-08-27 02:30:41,075 DEBUG o.s.b.f.s.DefaultListableBeanFactory - Returning cached instance of singleton bean 'org.springframework.transaction.config.internalTransactionAdvisor'
2017-08-27 02:30:41,076 DEBUG o.s.b.f.s.DefaultListableBeanFactory - Returning cached instance of singleton bean 'org.springframework.transaction.config.internalTransactionAdvisor'
2017-08-27 02:30:41,076 DEBUG o.s.b.f.s.DefaultListableBeanFactory - Finished creating instance of bean 'org.springframework.web.servlet.i18n.AcceptHeaderLocaleResolver'
2017-08-27 02:30:41,076 DEBUG o.s.web.servlet.DispatcherServlet - Unable to locate LocaleResolver with name 'localeResolver': using default [org.springframework.web.servlet.i18n.AcceptHeaderLocaleResolver@40f8ea06]
2017-08-27 02:30:41,076 DEBUG o.s.b.f.s.DefaultListableBeanFactory - Creating instance of bean 'org.springframework.web.servlet.theme.FixedThemeResolver'
2017-08-27 02:30:41,076 DEBUG o.s.b.f.s.DefaultListableBeanFactory - Returning cached instance of singleton bean 'org.springframework.transaction.config.internalTransactionAdvisor'
2017-08-27 02:30:41,083 DEBUG o.s.b.f.s.DefaultListableBeanFactory - Returning cached instance of singleton bean 'org.springframework.transaction.config.internalTransactionAdvisor'
2017-08-27 02:30:41,083 DEBUG o.s.b.f.s.DefaultListableBeanFactory - Returning cached instance of singleton bean 'org.springframework.transaction.config.internalTransactionAdvisor'
2017-08-27 02:30:41,083 DEBUG o.s.b.f.s.DefaultListableBeanFactory - Finished creating instance of bean 'org.springframework.web.servlet.theme.FixedThemeResolver'
2017-08-27 02:30:41,083 DEBUG o.s.web.servlet.DispatcherServlet - Unable to locate ThemeResolver with name 'themeResolver': using default [org.springframework.web.servlet.theme.FixedThemeResolver@45db729f]
2017-08-27 02:30:41,084 DEBUG o.s.b.f.s.DefaultListableBeanFactory - Returning cached instance of singleton bean 'requestMappingHandlerMapping'
2017-08-27 02:30:41,084 DEBUG o.s.b.f.s.DefaultListableBeanFactory - Returning cached instance of singleton bean 'viewControllerHandlerMapping'
2017-08-27 02:30:41,084 DEBUG o.s.b.f.s.DefaultListableBeanFactory - Returning cached instance of singleton bean 'beanNameHandlerMapping'
2017-08-27 02:30:41,084 DEBUG o.s.b.f.s.DefaultListableBeanFactory - Returning cached instance of singleton bean 'resourceHandlerMapping'
2017-08-27 02:30:41,084 DEBUG o.s.b.f.s.DefaultListableBeanFactory - Returning cached instance of singleton bean 'defaultServletHandlerMapping'
2017-08-27 02:30:41,084 DEBUG o.s.b.f.s.DefaultListableBeanFactory - Returning cached instance of singleton bean 'faviconHandlerMapping'
2017-08-27 02:30:41,084 DEBUG o.s.b.f.s.DefaultListableBeanFactory - Returning cached instance of singleton bean 'welcomePageHandlerMapping'
2017-08-27 02:30:41,087 DEBUG o.s.b.f.s.DefaultListableBeanFactory - Returning cached instance of singleton bean 'requestMappingHandlerAdapter'
2017-08-27 02:30:41,087 DEBUG o.s.b.f.s.DefaultListableBeanFactory - Returning cached instance of singleton bean 'httpRequestHandlerAdapter'
2017-08-27 02:30:41,087 DEBUG o.s.b.f.s.DefaultListableBeanFactory - Returning cached instance of singleton bean 'simpleControllerHandlerAdapter'
2017-08-27 02:30:41,088 DEBUG o.s.b.f.s.DefaultListableBeanFactory - Returning cached instance of singleton bean 'errorAttributes'
2017-08-27 02:30:41,088 DEBUG o.s.b.f.s.DefaultListableBeanFactory - Returning cached instance of singleton bean 'handlerExceptionResolver'
2017-08-27 02:30:41,088 DEBUG o.s.b.f.s.DefaultListableBeanFactory - Creating instance of bean 'org.springframework.web.servlet.view.DefaultRequestToViewNameTranslator'
2017-08-27 02:30:41,088 DEBUG o.s.b.f.s.DefaultListableBeanFactory - Returning cached instance of singleton bean 'org.springframework.transaction.config.internalTransactionAdvisor'
2017-08-27 02:30:41,094 DEBUG o.s.b.f.s.DefaultListableBeanFactory - Returning cached instance of singleton bean 'org.springframework.transaction.config.internalTransactionAdvisor'
2017-08-27 02:30:41,095 DEBUG o.s.b.f.s.DefaultListableBeanFactory - Returning cached instance of singleton bean 'org.springframework.transaction.config.internalTransactionAdvisor'
2017-08-27 02:30:41,095 DEBUG o.s.b.f.s.DefaultListableBeanFactory - Finished creating instance of bean 'org.springframework.web.servlet.view.DefaultRequestToViewNameTranslator'
2017-08-27 02:30:41,095 DEBUG o.s.web.servlet.DispatcherServlet - Unable to locate RequestToViewNameTranslator with name 'viewNameTranslator': using default [org.springframework.web.servlet.view.DefaultRequestToViewNameTranslator@6e0b84bc]
2017-08-27 02:30:41,096 DEBUG o.s.b.f.s.DefaultListableBeanFactory - Returning cached instance of singleton bean 'beanNameViewResolver'
2017-08-27 02:30:41,097 DEBUG o.s.b.f.s.DefaultListableBeanFactory - Returning cached instance of singleton bean 'mvcViewResolver'
2017-08-27 02:30:41,097 DEBUG o.s.b.f.s.DefaultListableBeanFactory - Returning cached instance of singleton bean 'defaultViewResolver'
2017-08-27 02:30:41,097 DEBUG o.s.b.f.s.DefaultListableBeanFactory - Returning cached instance of singleton bean 'viewResolver'
2017-08-27 02:30:41,098 DEBUG o.s.b.f.s.DefaultListableBeanFactory - Creating instance of bean 'org.springframework.web.servlet.support.SessionFlashMapManager'
2017-08-27 02:30:41,098 DEBUG o.s.b.f.s.DefaultListableBeanFactory - Returning cached instance of singleton bean 'org.springframework.transaction.config.internalTransactionAdvisor'
2017-08-27 02:30:41,105 DEBUG o.s.b.f.s.DefaultListableBeanFactory - Returning cached instance of singleton bean 'org.springframework.transaction.config.internalTransactionAdvisor'
2017-08-27 02:30:41,105 DEBUG o.s.b.f.s.DefaultListableBeanFactory - Returning cached instance of singleton bean 'org.springframework.transaction.config.internalTransactionAdvisor'
2017-08-27 02:30:41,105 DEBUG o.s.b.f.s.DefaultListableBeanFactory - Finished creating instance of bean 'org.springframework.web.servlet.support.SessionFlashMapManager'
2017-08-27 02:30:41,105 DEBUG o.s.web.servlet.DispatcherServlet - Unable to locate FlashMapManager with name 'flashMapManager': using default [org.springframework.web.servlet.support.SessionFlashMapManager@46dea70e]
2017-08-27 02:30:41,105 DEBUG o.s.web.servlet.DispatcherServlet - Published WebApplicationContext of servlet 'dispatcherServlet' as ServletContext attribute with name [org.springframework.web.servlet.FrameworkServlet.CONTEXT.dispatcherServlet]
2017-08-27 02:30:41,105 INFO  o.s.web.servlet.DispatcherServlet - FrameworkServlet 'dispatcherServlet': initialization completed in 38 ms
2017-08-27 02:30:41,105 DEBUG o.s.web.servlet.DispatcherServlet - Servlet 'dispatcherServlet' configured successfully
2017-08-27 02:30:41,116 DEBUG o.s.b.w.f.OrderedRequestContextFilter - Bound request context to thread: org.apache.catalina.connector.RequestFacade@1ba17d49
2017-08-27 02:30:41,118 DEBUG o.s.web.servlet.DispatcherServlet - DispatcherServlet with name 'dispatcherServlet' processing GET request for [/easybusiness/biometric/getAttendanceByUserIdAndDate/7010/15-08-2017/16-08-2017]
2017-08-27 02:30:41,121 DEBUG o.s.w.s.m.m.a.RequestMappingHandlerMapping - Looking up handler method for path /easybusiness/biometric/getAttendanceByUserIdAndDate/7010/15-08-2017/16-08-2017
2017-08-27 02:30:41,130 DEBUG o.s.w.s.m.m.a.RequestMappingHandlerMapping - Returning handler method [public org.springframework.http.ResponseEntity<java.util.List<com.easybusiness.attendancemanagement.dto.BiometricTransactionDTO>> com.easybusiness.attendancemanagement.services.biometrictransaction.BiometricTransactionServiceImpl.getAttendanceByUserIdAndAttendanceDateRange(java.lang.String,java.lang.String,java.lang.String)]
2017-08-27 02:30:41,130 DEBUG o.s.b.f.s.DefaultListableBeanFactory - Returning cached instance of singleton bean 'biometricTransactionServiceImpl'
2017-08-27 02:30:41,131 DEBUG o.s.web.servlet.DispatcherServlet - Last-Modified value for [/easybusiness/biometric/getAttendanceByUserIdAndDate/7010/15-08-2017/16-08-2017] is: -1
2017-08-27 02:30:41,131 DEBUG o.s.o.j.s.OpenEntityManagerInViewInterceptor - Opening JPA EntityManager in OpenEntityManagerInViewInterceptor
2017-08-27 02:30:41,151 DEBUG o.s.b.f.s.DefaultListableBeanFactory - Returning cached instance of singleton bean 'transactionManager'
2017-08-27 02:30:41,157 DEBUG o.s.orm.jpa.JpaTransactionManager - Found thread-bound EntityManager [org.hibernate.jpa.internal.EntityManagerImpl@74f87e29] for JPA transaction
2017-08-27 02:30:41,157 DEBUG o.s.orm.jpa.JpaTransactionManager - Creating new transaction with name [com.easybusiness.attendancepersistence.user.UserDao.findUserById]: PROPAGATION_REQUIRED,ISOLATION_DEFAULT,readOnly; ''
2017-08-27 02:30:41,216 DEBUG o.s.jdbc.datasource.DataSourceUtils - Setting JDBC Connection [ProxyConnection[PooledConnection[oracle.jdbc.driver.T4CConnection@5d425813]]] read-only
2017-08-27 02:30:41,218 DEBUG o.s.orm.jpa.JpaTransactionManager - Exposing JPA transaction as JDBC transaction [org.springframework.orm.jpa.vendor.HibernateJpaDialect$HibernateConnectionHandle@7c2237c1]
2017-08-27 02:30:41,249 DEBUG org.hibernate.SQL - 
    /* select
        generatedAlias0 
    from
        User as generatedAlias0 
    where
        generatedAlias0.id=:param0 */ select
            user0_.user_id as user_id1_10_,
            user0_.altr_email as altr_email2_10_,
            user0_.city as city3_10_,
            user0_.country as country4_10_,
            user0_.dob as dob5_10_,
            user0_.department as department26_10_,
            user0_.designation as designation27_10_,
            user0_.email as email6_10_,
            user0_.end_date as end_date7_10_,
            user0_.father as father8_10_,
            user0_.first_name as first_name9_10_,
            user0_.from_date as from_date10_10_,
            user0_.gender as gender11_10_,
            user0_.is_enable as is_enable12_10_,
            user0_.last_name as last_name13_10_,
            user0_.mobile as mobile14_10_,
            user0_.mod_by as mod_by15_10_,
            user0_.mod_dt as mod_dt16_10_,
            user0_.organization as organization28_10_,
            user0_.passport as passport17_10_,
            user0_.password as password18_10_,
            user0_.perm_addr as perm_addr19_10_,
            user0_.spouse as spouse20_10_,
            user0_.state as state21_10_,
            user0_.type_of_emp as type_of_emp22_10_,
            user0_.user_img as user_img23_10_,
            user0_.user_login_id as user_login_id24_10_,
            user0_.zip as zip25_10_ 
        from
            user_details user0_ 
        where
            user0_.user_id=?
2017-08-27 02:30:41,309 TRACE o.h.type.descriptor.sql.BasicBinder - binding parameter [1] as [BIGINT] - [7010]
2017-08-27 02:30:41,343 DEBUG org.hibernate.SQL - 
    select
        department0_.dept_id as dept_id1_3_0_,
        department0_.dept_name as dept_name2_3_0_,
        department0_.org_id as org_id3_3_0_,
        organizati1_.org_id as org_id1_7_1_,
        organizati1_.org_location as org_location2_7_1_,
        organizati1_.org_name as org_name3_7_1_ 
    from
        department department0_ 
    left outer join
        organization organizati1_ 
            on department0_.org_id=organizati1_.org_id 
    where
        department0_.dept_id=?
2017-08-27 02:30:41,344 TRACE o.h.type.descriptor.sql.BasicBinder - binding parameter [1] as [BIGINT] - [1]
2017-08-27 02:30:41,351 DEBUG org.hibernate.SQL - 
    select
        designatio0_.id as id1_4_0_,
        designatio0_.desig as desig2_4_0_ 
    from
        designation designatio0_ 
    where
        designatio0_.id=?
2017-08-27 02:30:41,351 TRACE o.h.type.descriptor.sql.BasicBinder - binding parameter [1] as [BIGINT] - [5]
2017-08-27 02:30:41,354 DEBUG o.s.orm.jpa.JpaTransactionManager - Initiating transaction commit
2017-08-27 02:30:41,354 DEBUG o.s.orm.jpa.JpaTransactionManager - Committing JPA transaction on EntityManager [org.hibernate.jpa.internal.EntityManagerImpl@74f87e29]
2017-08-27 02:30:41,356 DEBUG o.s.jdbc.datasource.DataSourceUtils - Resetting read-only flag of JDBC Connection [ProxyConnection[PooledConnection[oracle.jdbc.driver.T4CConnection@5d425813]]]
2017-08-27 02:30:41,356 DEBUG o.s.orm.jpa.JpaTransactionManager - Not closing pre-bound JPA EntityManager after transaction
2017-08-27 02:30:41,356 DEBUG o.s.orm.jpa.JpaTransactionManager - Found thread-bound EntityManager [org.hibernate.jpa.internal.EntityManagerImpl@74f87e29] for JPA transaction
2017-08-27 02:30:41,356 DEBUG o.s.orm.jpa.JpaTransactionManager - Creating new transaction with name [com.easybusiness.attendancepersistence.biometricytransaction.BiometricTransactionDao.findBiometricTransactionByUserAndDateRange]: PROPAGATION_REQUIRED,ISOLATION_DEFAULT,readOnly; ''
2017-08-27 02:30:41,356 DEBUG o.s.jdbc.datasource.DataSourceUtils - Setting JDBC Connection [ProxyConnection[PooledConnection[oracle.jdbc.driver.T4CConnection@5d425813]]] read-only
2017-08-27 02:30:41,357 DEBUG o.s.orm.jpa.JpaTransactionManager - Exposing JPA transaction as JDBC transaction [org.springframework.orm.jpa.vendor.HibernateJpaDialect$HibernateConnectionHandle@6061d0c]
2017-08-27 02:30:41,370 DEBUG o.s.d.r.c.s.TransactionalRepositoryProxyPostProcessor$CustomAnnotationTransactionAttributeSource - Adding transactional method 'findAll' with attribute: PROPAGATION_REQUIRED,ISOLATION_DEFAULT,readOnly; ''
2017-08-27 02:30:41,371 DEBUG o.s.b.f.s.DefaultListableBeanFactory - Returning cached instance of singleton bean 'transactionManager'
2017-08-27 02:30:41,371 DEBUG o.s.orm.jpa.JpaTransactionManager - Found thread-bound EntityManager [org.hibernate.jpa.internal.EntityManagerImpl@74f87e29] for JPA transaction
2017-08-27 02:30:41,371 DEBUG o.s.orm.jpa.JpaTransactionManager - Participating in existing transaction
2017-08-27 02:30:41,389 DEBUG org.hibernate.SQL - 
    /* select
        generatedAlias0 
    from
        BiometricTransaction as generatedAlias0 
    inner join
        generatedAlias0.user as generatedAlias1 
    where
        (
            generatedAlias0.inDate between :param0 and :param1 
        ) 
        and (
            generatedAlias1.id in (
                7010L
            ) 
        ) 
    order by
        generatedAlias0.inDate asc */ select
            biometrict0_.tran_id as tran_id1_2_,
            biometrict0_.first_in_time as first_in_time2_2_,
            biometrict0_.in_date as in_date3_2_,
            biometrict0_.last_out_time as last_out_time4_2_,
            biometrict0_.total_time_on_floor as total_time_on_floo5_2_,
            biometrict0_.user_id as user_id7_2_,
            biometrict0_.user_device_location as user_device_locati6_2_,
            biometrict0_.user_device_id as user_device_id8_2_ 
        from
            biometric_transaction biometrict0_ 
        inner join
            user_details user1_ 
                on biometrict0_.user_id=user1_.user_id 
        where
            (
                biometrict0_.in_date between ? and ?
            ) 
            and (
                user1_.user_id in (
                    7010
                )
            ) 
        order by
            biometrict0_.in_date asc
2017-08-27 02:30:41,390 TRACE o.h.type.descriptor.sql.BasicBinder - binding parameter [1] as [DATE] - [2017-08-15]
2017-08-27 02:30:41,392 TRACE o.h.type.descriptor.sql.BasicBinder - binding parameter [2] as [DATE] - [2017-08-16]
2017-08-27 02:30:41,395 DEBUG org.hibernate.SQL - 
    select
        userdevice0_.id as id1_11_0_,
        userdevice0_.created_by as created_by2_11_0_,
        userdevice0_.created_on as created_on3_11_0_,
        userdevice0_.user_device_id as user_device_id4_11_0_,
        userdevice0_.mod_by as mod_by5_11_0_,
        userdevice0_.mod_on as mod_on6_11_0_,
        userdevice0_.user_id as user_id7_11_0_,
        user1_.user_id as user_id1_10_1_,
        user1_.altr_email as altr_email2_10_1_,
        user1_.city as city3_10_1_,
        user1_.country as country4_10_1_,
        user1_.dob as dob5_10_1_,
        user1_.department as department26_10_1_,
        user1_.designation as designation27_10_1_,
        user1_.email as email6_10_1_,
        user1_.end_date as end_date7_10_1_,
        user1_.father as father8_10_1_,
        user1_.first_name as first_name9_10_1_,
        user1_.from_date as from_date10_10_1_,
        user1_.gender as gender11_10_1_,
        user1_.is_enable as is_enable12_10_1_,
        user1_.last_name as last_name13_10_1_,
        user1_.mobile as mobile14_10_1_,
        user1_.mod_by as mod_by15_10_1_,
        user1_.mod_dt as mod_dt16_10_1_,
        user1_.organization as organization28_10_1_,
        user1_.passport as passport17_10_1_,
        user1_.password as password18_10_1_,
        user1_.perm_addr as perm_addr19_10_1_,
        user1_.spouse as spouse20_10_1_,
        user1_.state as state21_10_1_,
        user1_.type_of_emp as type_of_emp22_10_1_,
        user1_.user_img as user_img23_10_1_,
        user1_.user_login_id as user_login_id24_10_1_,
        user1_.zip as zip25_10_1_,
        department2_.dept_id as dept_id1_3_2_,
        department2_.dept_name as dept_name2_3_2_,
        department2_.org_id as org_id3_3_2_,
        organizati3_.org_id as org_id1_7_3_,
        organizati3_.org_location as org_location2_7_3_,
        organizati3_.org_name as org_name3_7_3_,
        designatio4_.id as id1_4_4_,
        designatio4_.desig as desig2_4_4_,
        organizati5_.org_id as org_id1_7_5_,
        organizati5_.org_location as org_location2_7_5_,
        organizati5_.org_name as org_name3_7_5_ 
    from
        user_device_map userdevice0_ 
    left outer join
        user_details user1_ 
            on userdevice0_.user_id=user1_.user_id 
    left outer join
        department department2_ 
            on user1_.department=department2_.dept_id 
    left outer join
        organization organizati3_ 
            on department2_.org_id=organizati3_.org_id 
    left outer join
        designation designatio4_ 
            on user1_.designation=designatio4_.id 
    left outer join
        organization organizati5_ 
            on user1_.organization=organizati5_.org_id 
    where
        userdevice0_.id=?
2017-08-27 02:30:41,396 TRACE o.h.type.descriptor.sql.BasicBinder - binding parameter [1] as [BIGINT] - [1]
2017-08-27 02:30:41,400 DEBUG o.s.orm.jpa.JpaTransactionManager - Initiating transaction commit
2017-08-27 02:30:41,400 DEBUG o.s.orm.jpa.JpaTransactionManager - Committing JPA transaction on EntityManager [org.hibernate.jpa.internal.EntityManagerImpl@74f87e29]
2017-08-27 02:30:41,401 DEBUG o.s.jdbc.datasource.DataSourceUtils - Resetting read-only flag of JDBC Connection [ProxyConnection[PooledConnection[oracle.jdbc.driver.T4CConnection@5d425813]]]
2017-08-27 02:30:41,401 DEBUG o.s.orm.jpa.JpaTransactionManager - Not closing pre-bound JPA EntityManager after transaction
2017-08-27 02:30:41,478 DEBUG o.s.w.s.m.m.a.HttpEntityMethodProcessor - Written [[BiometricIntegration [transactionId=1, userDeviceMap=UserDeviceMap [id=1, user=User [id=7010, userName=secured, firstName=Secured, fromDate=null, lastName=User, password=123, gender=male, dateOfBirth=1989-10-23, email=secured@sls.com, alternateEmail=secured@sls.com, mobile=8723126745, endDate=null, organization=Organization [id=1, orgName=SLS, orgLocation=Kolkata], department=Department [id=1, organization=Organization [id=1, orgName=SLS, orgLocation=Kolkata], deptName=IT], designation=Designation [id=5, desig=LEAD], typeOfEmployment=null, isEnabled=1, userImg=null, modifiedBy=null, modifiedOn=null, permAddr=KaliGhat, state=West Bengal, city=Kolkata, country=India, zip=700102, fatherName=A K Singh, spouseName=S Singh, passport=null], deviceId=1111, modifiedBy=null, modifiedOn=null, createdBy=null, createdOn=null], user=User [id=7010, userName=secured, firstName=Secured, fromDate=null, lastName=User, password=123, gender=male, dateOfBirth=1989-10-23, email=secured@sls.com, alternateEmail=secured@sls.com, mobile=8723126745, endDate=null, organization=Organization [id=1, orgName=SLS, orgLocation=Kolkata], department=Department [id=1, organization=Organization [id=1, orgName=SLS, orgLocation=Kolkata], deptName=IT], designation=Designation [id=5, desig=LEAD], typeOfEmployment=null, isEnabled=1, userImg=null, modifiedBy=null, modifiedOn=null, permAddr=KaliGhat, state=West Bengal, city=Kolkata, country=India, zip=700102, fatherName=A K Singh, spouseName=S Singh, passport=null], userDeviceLocation=Kolkata, inDate=2017-08-15, firstInTime=2017-08-15 09:54:15.922, lastOutTime=2017-08-15 18:54:42.887, totalTimeOnFloor=null], BiometricIntegration [transactionId=2, userDeviceMap=UserDeviceMap [id=1, user=User [id=7010, userName=secured, firstName=Secured, fromDate=null, lastName=User, password=123, gender=male, dateOfBirth=1989-10-23, email=secured@sls.com, alternateEmail=secured@sls.com, mobile=8723126745, endDate=null, organization=Organization [id=1, orgName=SLS, orgLocation=Kolkata], department=Department [id=1, organization=Organization [id=1, orgName=SLS, orgLocation=Kolkata], deptName=IT], designation=Designation [id=5, desig=LEAD], typeOfEmployment=null, isEnabled=1, userImg=null, modifiedBy=null, modifiedOn=null, permAddr=KaliGhat, state=West Bengal, city=Kolkata, country=India, zip=700102, fatherName=A K Singh, spouseName=S Singh, passport=null], deviceId=1111, modifiedBy=null, modifiedOn=null, createdBy=null, createdOn=null], user=User [id=7010, userName=secured, firstName=Secured, fromDate=null, lastName=User, password=123, gender=male, dateOfBirth=1989-10-23, email=secured@sls.com, alternateEmail=secured@sls.com, mobile=8723126745, endDate=null, organization=Organization [id=1, orgName=SLS, orgLocation=Kolkata], department=Department [id=1, organization=Organization [id=1, orgName=SLS, orgLocation=Kolkata], deptName=IT], designation=Designation [id=5, desig=LEAD], typeOfEmployment=null, isEnabled=1, userImg=null, modifiedBy=null, modifiedOn=null, permAddr=KaliGhat, state=West Bengal, city=Kolkata, country=India, zip=700102, fatherName=A K Singh, spouseName=S Singh, passport=null], userDeviceLocation=Kolkata, inDate=2017-08-16, firstInTime=2017-08-16 08:55:29.395, lastOutTime=2017-08-16 19:55:40.544, totalTimeOnFloor=null]]] as "application/json" using [org.springframework.http.converter.json.MappingJackson2HttpMessageConverter@1ff81b0d]
2017-08-27 02:30:41,482 DEBUG o.s.web.servlet.DispatcherServlet - Null ModelAndView returned to DispatcherServlet with name 'dispatcherServlet': assuming HandlerAdapter completed request handling
2017-08-27 02:30:41,483 DEBUG o.s.o.j.s.OpenEntityManagerInViewInterceptor - Closing JPA EntityManager in OpenEntityManagerInViewInterceptor
2017-08-27 02:30:41,483 DEBUG o.s.o.jpa.EntityManagerFactoryUtils - Closing JPA EntityManager
2017-08-27 02:30:41,484 DEBUG o.s.web.servlet.DispatcherServlet - Successfully completed request
2017-08-27 02:30:41,485 DEBUG o.s.b.w.f.OrderedRequestContextFilter - Cleared thread-bound request context: org.apache.catalina.connector.RequestFacade@1ba17d49
2017-08-27 02:31:50,933 DEBUG o.s.b.w.f.OrderedRequestContextFilter - Bound request context to thread: org.apache.catalina.connector.RequestFacade@1ba17d49
2017-08-27 02:31:50,935 DEBUG o.s.web.servlet.DispatcherServlet - DispatcherServlet with name 'dispatcherServlet' processing GET request for [/easybusiness/shift/getAllShifts]
2017-08-27 02:31:50,935 DEBUG o.s.w.s.m.m.a.RequestMappingHandlerMapping - Looking up handler method for path /easybusiness/shift/getAllShifts
2017-08-27 02:31:50,938 DEBUG o.s.w.s.m.m.a.RequestMappingHandlerMapping - Returning handler method [public org.springframework.http.ResponseEntity<java.util.List<com.easybusiness.attendancemanagement.dto.ShiftDTO>> com.easybusiness.attendancemanagement.services.shift.ShiftServiceImpl.populateShiftList() throws java.lang.Exception]
2017-08-27 02:31:50,938 DEBUG o.s.b.f.s.DefaultListableBeanFactory - Returning cached instance of singleton bean 'shiftServiceImpl'
2017-08-27 02:31:50,938 DEBUG o.s.web.servlet.DispatcherServlet - Last-Modified value for [/easybusiness/shift/getAllShifts] is: -1
2017-08-27 02:31:50,938 DEBUG o.s.o.j.s.OpenEntityManagerInViewInterceptor - Opening JPA EntityManager in OpenEntityManagerInViewInterceptor
2017-08-27 02:31:50,940 DEBUG o.s.orm.jpa.JpaTransactionManager - Found thread-bound EntityManager [org.hibernate.jpa.internal.EntityManagerImpl@64c573f] for JPA transaction
2017-08-27 02:31:50,940 DEBUG o.s.orm.jpa.JpaTransactionManager - Creating new transaction with name [com.easybusiness.attendancepersistence.shiftmaster.ShiftDao.findAll]: PROPAGATION_REQUIRED,ISOLATION_DEFAULT,readOnly; ''
2017-08-27 02:31:50,941 DEBUG o.s.jdbc.datasource.DataSourceUtils - Setting JDBC Connection [ProxyConnection[PooledConnection[oracle.jdbc.driver.T4CConnection@5d425813]]] read-only
2017-08-27 02:31:50,942 DEBUG o.s.orm.jpa.JpaTransactionManager - Exposing JPA transaction as JDBC transaction [org.springframework.orm.jpa.vendor.HibernateJpaDialect$HibernateConnectionHandle@88bb986]
2017-08-27 02:31:50,947 INFO  c.e.a.shiftmaster.ShiftDao - DATASOURCE = org.apache.tomcat.jdbc.pool.DataSource@4d2a1da3{ConnectionPool[defaultAutoCommit=null; defaultReadOnly=null; defaultTransactionIsolation=-1; defaultCatalog=null; driverClassName=oracle.jdbc.driver.OracleDriver; maxActive=100; maxIdle=100; minIdle=10; initialSize=10; maxWait=30000; testOnBorrow=true; testOnReturn=false; timeBetweenEvictionRunsMillis=5000; numTestsPerEvictionRun=0; minEvictableIdleTimeMillis=60000; testWhileIdle=false; testOnConnect=false; password=********; url=jdbc:oracle:thin:@localhost:1521/XE; username=easybusiness; validationQuery=SELECT 'Hello' from DUAL; validationQueryTimeout=-1; validatorClassName=null; validationInterval=3000; accessToUnderlyingConnectionAllowed=true; removeAbandoned=false; removeAbandonedTimeout=60; logAbandoned=false; connectionProperties=null; initSQL=null; jdbcInterceptors=null; jmxEnabled=true; fairQueue=true; useEquals=true; abandonWhenPercentageFull=0; maxAge=0; useLock=false; dataSource=null; dataSourceJNDI=null; suspectTimeout=0; alternateUsernameAllowed=false; commitOnReturn=false; rollbackOnReturn=false; useDisposableConnectionFacade=true; logValidationErrors=false; propagateInterruptState=false; ignoreExceptionOnPreLoad=false; useStatementFacade=true; }
2017-08-27 02:31:50,948 DEBUG o.s.d.r.c.s.TransactionalRepositoryProxyPostProcessor$CustomAnnotationTransactionAttributeSource - Adding transactional method 'findAll' with attribute: PROPAGATION_REQUIRED,ISOLATION_DEFAULT,readOnly; ''
2017-08-27 02:31:50,948 DEBUG o.s.b.f.s.DefaultListableBeanFactory - Returning cached instance of singleton bean 'transactionManager'
2017-08-27 02:31:50,948 DEBUG o.s.orm.jpa.JpaTransactionManager - Found thread-bound EntityManager [org.hibernate.jpa.internal.EntityManagerImpl@64c573f] for JPA transaction
2017-08-27 02:31:50,948 DEBUG o.s.orm.jpa.JpaTransactionManager - Participating in existing transaction
2017-08-27 02:31:50,959 DEBUG org.hibernate.SQL - 
    /* select
        generatedAlias0 
    from
        Shift as generatedAlias0 */ select
            shift0_.rec_id as rec_id1_8_,
            shift0_.shift_name as shift_name2_8_,
            shift0_.working_hours as working_hours3_8_ 
        from
            shift_master shift0_
2017-08-27 02:31:50,977 INFO  c.e.a.shiftmaster.ShiftDao - Shift : Shift [id=1, shiftName=A, workingHours=8.0]
2017-08-27 02:31:50,977 INFO  c.e.a.shiftmaster.ShiftDao - Shift : Shift [id=2, shiftName=B, workingHours=8.0]
2017-08-27 02:31:50,977 INFO  c.e.a.shiftmaster.ShiftDao - Shift : Shift [id=3, shiftName=c, workingHours=7.5]
2017-08-27 02:31:50,977 DEBUG o.s.orm.jpa.JpaTransactionManager - Initiating transaction commit
2017-08-27 02:31:50,977 DEBUG o.s.orm.jpa.JpaTransactionManager - Committing JPA transaction on EntityManager [org.hibernate.jpa.internal.EntityManagerImpl@64c573f]
2017-08-27 02:31:50,977 DEBUG o.s.jdbc.datasource.DataSourceUtils - Resetting read-only flag of JDBC Connection [ProxyConnection[PooledConnection[oracle.jdbc.driver.T4CConnection@5d425813]]]
2017-08-27 02:31:50,977 DEBUG o.s.orm.jpa.JpaTransactionManager - Not closing pre-bound JPA EntityManager after transaction
2017-08-27 02:31:50,982 DEBUG o.s.w.s.m.m.a.HttpEntityMethodProcessor - Written [[Shift [id=1, shiftName=A, workingHours=8.0], Shift [id=2, shiftName=B, workingHours=8.0], Shift [id=3, shiftName=c, workingHours=7.5]]] as "application/json" using [org.springframework.http.converter.json.MappingJackson2HttpMessageConverter@1ff81b0d]
2017-08-27 02:31:50,982 DEBUG o.s.web.servlet.DispatcherServlet - Null ModelAndView returned to DispatcherServlet with name 'dispatcherServlet': assuming HandlerAdapter completed request handling
2017-08-27 02:31:50,982 DEBUG o.s.o.j.s.OpenEntityManagerInViewInterceptor - Closing JPA EntityManager in OpenEntityManagerInViewInterceptor
2017-08-27 02:31:50,982 DEBUG o.s.o.jpa.EntityManagerFactoryUtils - Closing JPA EntityManager
2017-08-27 02:31:50,982 DEBUG o.s.web.servlet.DispatcherServlet - Successfully completed request
2017-08-27 02:31:50,982 DEBUG o.s.b.w.f.OrderedRequestContextFilter - Cleared thread-bound request context: org.apache.catalina.connector.RequestFacade@1ba17d49
2017-08-27 02:32:15,670 DEBUG o.s.b.w.f.OrderedRequestContextFilter - Bound request context to thread: org.apache.catalina.connector.RequestFacade@1ba17d49
2017-08-27 02:32:15,670 DEBUG o.s.web.servlet.DispatcherServlet - DispatcherServlet with name 'dispatcherServlet' processing GET request for [/easybusiness/shift/getShiftById/2]
2017-08-27 02:32:15,670 DEBUG o.s.w.s.m.m.a.RequestMappingHandlerMapping - Looking up handler method for path /easybusiness/shift/getShiftById/2
2017-08-27 02:32:15,670 DEBUG o.s.w.s.m.m.a.RequestMappingHandlerMapping - Returning handler method [public org.springframework.http.ResponseEntity<com.easybusiness.attendancemanagement.dto.ShiftDTO> com.easybusiness.attendancemanagement.services.shift.ShiftServiceImpl.getShiftById(java.lang.String)]
2017-08-27 02:32:15,670 DEBUG o.s.b.f.s.DefaultListableBeanFactory - Returning cached instance of singleton bean 'shiftServiceImpl'
2017-08-27 02:32:15,670 DEBUG o.s.web.servlet.DispatcherServlet - Last-Modified value for [/easybusiness/shift/getShiftById/2] is: -1
2017-08-27 02:32:15,670 DEBUG o.s.o.j.s.OpenEntityManagerInViewInterceptor - Opening JPA EntityManager in OpenEntityManagerInViewInterceptor
2017-08-27 02:32:15,670 DEBUG o.s.orm.jpa.JpaTransactionManager - Found thread-bound EntityManager [org.hibernate.jpa.internal.EntityManagerImpl@324da7b2] for JPA transaction
2017-08-27 02:32:15,670 DEBUG o.s.orm.jpa.JpaTransactionManager - Creating new transaction with name [com.easybusiness.attendancepersistence.shiftmaster.ShiftDao.findShiftById]: PROPAGATION_REQUIRED,ISOLATION_DEFAULT,readOnly; ''
2017-08-27 02:32:15,670 DEBUG o.s.jdbc.datasource.DataSourceUtils - Setting JDBC Connection [ProxyConnection[PooledConnection[oracle.jdbc.driver.T4CConnection@5d425813]]] read-only
2017-08-27 02:32:15,670 DEBUG o.s.orm.jpa.JpaTransactionManager - Exposing JPA transaction as JDBC transaction [org.springframework.orm.jpa.vendor.HibernateJpaDialect$HibernateConnectionHandle@3c8a5f8b]
2017-08-27 02:32:15,686 DEBUG org.hibernate.SQL - 
    /* select
        generatedAlias0 
    from
        Shift as generatedAlias0 
    where
        generatedAlias0.id=:param0 */ select
            shift0_.rec_id as rec_id1_8_,
            shift0_.shift_name as shift_name2_8_,
            shift0_.working_hours as working_hours3_8_ 
        from
            shift_master shift0_ 
        where
            shift0_.rec_id=?
2017-08-27 02:32:15,687 TRACE o.h.type.descriptor.sql.BasicBinder - binding parameter [1] as [BIGINT] - [2]
2017-08-27 02:32:15,695 DEBUG o.s.orm.jpa.JpaTransactionManager - Initiating transaction commit
2017-08-27 02:32:15,695 DEBUG o.s.orm.jpa.JpaTransactionManager - Committing JPA transaction on EntityManager [org.hibernate.jpa.internal.EntityManagerImpl@324da7b2]
2017-08-27 02:32:15,697 DEBUG o.s.jdbc.datasource.DataSourceUtils - Resetting read-only flag of JDBC Connection [ProxyConnection[PooledConnection[oracle.jdbc.driver.T4CConnection@5d425813]]]
2017-08-27 02:32:15,697 DEBUG o.s.orm.jpa.JpaTransactionManager - Not closing pre-bound JPA EntityManager after transaction
2017-08-27 02:32:15,701 DEBUG o.s.w.s.m.m.a.HttpEntityMethodProcessor - Written [Shift [id=2, shiftName=B, workingHours=8.0]] as "application/json" using [org.springframework.http.converter.json.MappingJackson2HttpMessageConverter@1ff81b0d]
2017-08-27 02:32:15,701 DEBUG o.s.web.servlet.DispatcherServlet - Null ModelAndView returned to DispatcherServlet with name 'dispatcherServlet': assuming HandlerAdapter completed request handling
2017-08-27 02:32:15,702 DEBUG o.s.o.j.s.OpenEntityManagerInViewInterceptor - Closing JPA EntityManager in OpenEntityManagerInViewInterceptor
2017-08-27 02:32:15,702 DEBUG o.s.o.jpa.EntityManagerFactoryUtils - Closing JPA EntityManager
2017-08-27 02:32:15,702 DEBUG o.s.web.servlet.DispatcherServlet - Successfully completed request
2017-08-27 02:32:15,702 DEBUG o.s.b.w.f.OrderedRequestContextFilter - Cleared thread-bound request context: org.apache.catalina.connector.RequestFacade@1ba17d49
2017-08-27 02:32:41,087 DEBUG o.s.b.w.f.OrderedRequestContextFilter - Bound request context to thread: org.apache.catalina.connector.RequestFacade@1ba17d49
2017-08-27 02:32:41,087 DEBUG o.s.web.servlet.DispatcherServlet - DispatcherServlet with name 'dispatcherServlet' processing GET request for [/easybusiness/shift/getShiftById/B]
2017-08-27 02:32:41,087 DEBUG o.s.w.s.m.m.a.RequestMappingHandlerMapping - Looking up handler method for path /easybusiness/shift/getShiftById/B
2017-08-27 02:32:41,087 DEBUG o.s.w.s.m.m.a.RequestMappingHandlerMapping - Returning handler method [public org.springframework.http.ResponseEntity<com.easybusiness.attendancemanagement.dto.ShiftDTO> com.easybusiness.attendancemanagement.services.shift.ShiftServiceImpl.getShiftById(java.lang.String)]
2017-08-27 02:32:41,087 DEBUG o.s.b.f.s.DefaultListableBeanFactory - Returning cached instance of singleton bean 'shiftServiceImpl'
2017-08-27 02:32:41,087 DEBUG o.s.web.servlet.DispatcherServlet - Last-Modified value for [/easybusiness/shift/getShiftById/B] is: -1
2017-08-27 02:32:41,087 DEBUG o.s.o.j.s.OpenEntityManagerInViewInterceptor - Opening JPA EntityManager in OpenEntityManagerInViewInterceptor
2017-08-27 02:32:41,087 ERROR c.e.a.s.shift.ShiftServiceImpl - exception while getting shift by Id B , For input string: "B"
2017-08-27 02:32:41,087 DEBUG o.s.w.s.m.m.a.HttpEntityMethodProcessor - Written [Shift [id=0, shiftName=null, workingHours=0.0]] as "application/json" using [org.springframework.http.converter.json.MappingJackson2HttpMessageConverter@1ff81b0d]
2017-08-27 02:32:41,087 DEBUG o.s.web.servlet.DispatcherServlet - Null ModelAndView returned to DispatcherServlet with name 'dispatcherServlet': assuming HandlerAdapter completed request handling
2017-08-27 02:32:41,087 DEBUG o.s.o.j.s.OpenEntityManagerInViewInterceptor - Closing JPA EntityManager in OpenEntityManagerInViewInterceptor
2017-08-27 02:32:41,087 DEBUG o.s.o.jpa.EntityManagerFactoryUtils - Closing JPA EntityManager
2017-08-27 02:32:41,087 DEBUG o.s.web.servlet.DispatcherServlet - Successfully completed request
2017-08-27 02:32:41,087 DEBUG o.s.b.w.f.OrderedRequestContextFilter - Cleared thread-bound request context: org.apache.catalina.connector.RequestFacade@1ba17d49
2017-08-27 02:32:50,591 DEBUG o.s.b.w.f.OrderedRequestContextFilter - Bound request context to thread: org.apache.catalina.connector.RequestFacade@1ba17d49
2017-08-27 02:32:50,607 DEBUG o.s.web.servlet.DispatcherServlet - DispatcherServlet with name 'dispatcherServlet' processing GET request for [/easybusiness/shift/getShiftByName/B]
2017-08-27 02:32:50,607 DEBUG o.s.w.s.m.m.a.RequestMappingHandlerMapping - Looking up handler method for path /easybusiness/shift/getShiftByName/B
2017-08-27 02:32:50,623 DEBUG o.s.w.s.m.m.a.RequestMappingHandlerMapping - Returning handler method [public org.springframework.http.ResponseEntity<com.easybusiness.attendancemanagement.dto.ShiftDTO> com.easybusiness.attendancemanagement.services.shift.ShiftServiceImpl.getShiftByName(java.lang.String)]
2017-08-27 02:32:50,623 DEBUG o.s.b.f.s.DefaultListableBeanFactory - Returning cached instance of singleton bean 'shiftServiceImpl'
2017-08-27 02:32:50,623 DEBUG o.s.web.servlet.DispatcherServlet - Last-Modified value for [/easybusiness/shift/getShiftByName/B] is: -1
2017-08-27 02:32:50,623 DEBUG o.s.o.j.s.OpenEntityManagerInViewInterceptor - Opening JPA EntityManager in OpenEntityManagerInViewInterceptor
2017-08-27 02:32:50,624 DEBUG o.s.orm.jpa.JpaTransactionManager - Found thread-bound EntityManager [org.hibernate.jpa.internal.EntityManagerImpl@75f7895e] for JPA transaction
2017-08-27 02:32:50,624 DEBUG o.s.orm.jpa.JpaTransactionManager - Creating new transaction with name [com.easybusiness.attendancepersistence.shiftmaster.ShiftDao.findShiftByShiftName]: PROPAGATION_REQUIRED,ISOLATION_DEFAULT,readOnly; ''
2017-08-27 02:32:50,625 DEBUG o.s.jdbc.datasource.DataSourceUtils - Setting JDBC Connection [ProxyConnection[PooledConnection[oracle.jdbc.driver.T4CConnection@5d425813]]] read-only
2017-08-27 02:32:50,625 DEBUG o.s.orm.jpa.JpaTransactionManager - Exposing JPA transaction as JDBC transaction [org.springframework.orm.jpa.vendor.HibernateJpaDialect$HibernateConnectionHandle@71c81338]
2017-08-27 02:32:50,628 DEBUG org.hibernate.SQL - 
    /* select
        generatedAlias0 
    from
        Shift as generatedAlias0 
    where
        generatedAlias0.shiftName=:param0 */ select
            shift0_.rec_id as rec_id1_8_,
            shift0_.shift_name as shift_name2_8_,
            shift0_.working_hours as working_hours3_8_ 
        from
            shift_master shift0_ 
        where
            shift0_.shift_name=?
2017-08-27 02:32:50,628 TRACE o.h.type.descriptor.sql.BasicBinder - binding parameter [1] as [VARCHAR] - [B]
2017-08-27 02:32:50,630 DEBUG o.s.orm.jpa.JpaTransactionManager - Initiating transaction commit
2017-08-27 02:32:50,631 DEBUG o.s.orm.jpa.JpaTransactionManager - Committing JPA transaction on EntityManager [org.hibernate.jpa.internal.EntityManagerImpl@75f7895e]
2017-08-27 02:32:50,631 DEBUG o.s.jdbc.datasource.DataSourceUtils - Resetting read-only flag of JDBC Connection [ProxyConnection[PooledConnection[oracle.jdbc.driver.T4CConnection@5d425813]]]
2017-08-27 02:32:50,631 DEBUG o.s.orm.jpa.JpaTransactionManager - Not closing pre-bound JPA EntityManager after transaction
2017-08-27 02:32:50,632 DEBUG o.s.w.s.m.m.a.HttpEntityMethodProcessor - Written [Shift [id=2, shiftName=B, workingHours=8.0]] as "application/json" using [org.springframework.http.converter.json.MappingJackson2HttpMessageConverter@1ff81b0d]
2017-08-27 02:32:50,632 DEBUG o.s.web.servlet.DispatcherServlet - Null ModelAndView returned to DispatcherServlet with name 'dispatcherServlet': assuming HandlerAdapter completed request handling
2017-08-27 02:32:50,632 DEBUG o.s.o.j.s.OpenEntityManagerInViewInterceptor - Closing JPA EntityManager in OpenEntityManagerInViewInterceptor
2017-08-27 02:32:50,632 DEBUG o.s.o.jpa.EntityManagerFactoryUtils - Closing JPA EntityManager
2017-08-27 02:32:50,632 DEBUG o.s.web.servlet.DispatcherServlet - Successfully completed request
2017-08-27 02:32:50,632 DEBUG o.s.b.w.f.OrderedRequestContextFilter - Cleared thread-bound request context: org.apache.catalina.connector.RequestFacade@1ba17d49
2017-08-27 02:34:26,699 DEBUG o.s.b.w.f.OrderedRequestContextFilter - Bound request context to thread: org.apache.catalina.connector.RequestFacade@1ba17d49
2017-08-27 02:34:26,699 DEBUG o.s.web.servlet.DispatcherServlet - DispatcherServlet with name 'dispatcherServlet' processing GET request for [/easybusiness/activity/getActivityById/1]
2017-08-27 02:34:26,699 DEBUG o.s.w.s.m.m.a.RequestMappingHandlerMapping - Looking up handler method for path /easybusiness/activity/getActivityById/1
2017-08-27 02:34:26,703 DEBUG o.s.w.s.m.m.a.RequestMappingHandlerMapping - Returning handler method [public org.springframework.http.ResponseEntity<com.easybusiness.attendancemanagement.dto.ActivityDTO> com.easybusiness.attendancemanagement.services.activity.ActivityServiceImpl.getActivityById(java.lang.String)]
2017-08-27 02:34:26,703 DEBUG o.s.b.f.s.DefaultListableBeanFactory - Returning cached instance of singleton bean 'activityServiceImpl'
2017-08-27 02:34:26,703 DEBUG o.s.web.servlet.DispatcherServlet - Last-Modified value for [/easybusiness/activity/getActivityById/1] is: -1
2017-08-27 02:34:26,704 DEBUG o.s.o.j.s.OpenEntityManagerInViewInterceptor - Opening JPA EntityManager in OpenEntityManagerInViewInterceptor
2017-08-27 02:34:26,708 DEBUG o.s.orm.jpa.JpaTransactionManager - Found thread-bound EntityManager [org.hibernate.jpa.internal.EntityManagerImpl@1e01c143] for JPA transaction
2017-08-27 02:34:26,709 DEBUG o.s.orm.jpa.JpaTransactionManager - Creating new transaction with name [com.easybusiness.attendancepersistence.activity.ActivityDao.findActivityById]: PROPAGATION_REQUIRED,ISOLATION_DEFAULT,readOnly; ''
2017-08-27 02:34:26,711 DEBUG o.s.jdbc.datasource.DataSourceUtils - Setting JDBC Connection [ProxyConnection[PooledConnection[oracle.jdbc.driver.T4CConnection@5d425813]]] read-only
2017-08-27 02:34:26,711 DEBUG o.s.orm.jpa.JpaTransactionManager - Exposing JPA transaction as JDBC transaction [org.springframework.orm.jpa.vendor.HibernateJpaDialect$HibernateConnectionHandle@42e387af]
2017-08-27 02:34:26,720 DEBUG org.hibernate.SQL - 
    /* select
        generatedAlias0 
    from
        Activity as generatedAlias0 
    where
        generatedAlias0.id=:param0 */ select
            activity0_.activity_id as activity_id1_0_,
            activity0_.activity_end_date as activity_end_date2_0_,
            activity0_.activity_name as activity_name3_0_,
            activity0_.activity_start_date as activity_start_dat4_0_,
            activity0_.activity_status as activity_status5_0_,
            activity0_.mod_by as mod_by6_0_,
            activity0_.mod_on as mod_on7_0_ 
        from
            activity_type activity0_ 
        where
            activity0_.activity_id=?
2017-08-27 02:34:26,720 TRACE o.h.type.descriptor.sql.BasicBinder - binding parameter [1] as [BIGINT] - [1]
2017-08-27 02:34:26,751 DEBUG o.s.orm.jpa.JpaTransactionManager - Initiating transaction rollback
2017-08-27 02:34:26,751 DEBUG o.s.orm.jpa.JpaTransactionManager - Rolling back JPA transaction on EntityManager [org.hibernate.jpa.internal.EntityManagerImpl@1e01c143]
2017-08-27 02:34:26,752 DEBUG o.s.jdbc.datasource.DataSourceUtils - Resetting read-only flag of JDBC Connection [ProxyConnection[PooledConnection[oracle.jdbc.driver.T4CConnection@5d425813]]]
2017-08-27 02:34:26,753 DEBUG o.s.orm.jpa.JpaTransactionManager - Not closing pre-bound JPA EntityManager after transaction
2017-08-27 02:34:26,753 ERROR c.e.a.s.a.ActivityServiceImpl - exception while getting activity by Id 1 , Index: 0, Size: 0
2017-08-27 02:34:26,767 DEBUG o.s.w.s.m.m.a.HttpEntityMethodProcessor - Written [Activity [id=0, activityName=null, modifiedBy=null, activityStatus=null, activityStartDate=null, activityEndDate=null, modifiedOn=null]] as "application/json" using [org.springframework.http.converter.json.MappingJackson2HttpMessageConverter@1ff81b0d]
2017-08-27 02:34:26,767 DEBUG o.s.web.servlet.DispatcherServlet - Null ModelAndView returned to DispatcherServlet with name 'dispatcherServlet': assuming HandlerAdapter completed request handling
2017-08-27 02:34:26,767 DEBUG o.s.o.j.s.OpenEntityManagerInViewInterceptor - Closing JPA EntityManager in OpenEntityManagerInViewInterceptor
2017-08-27 02:34:26,767 DEBUG o.s.o.jpa.EntityManagerFactoryUtils - Closing JPA EntityManager
2017-08-27 02:34:26,767 DEBUG o.s.web.servlet.DispatcherServlet - Successfully completed request
2017-08-27 02:34:26,767 DEBUG o.s.b.w.f.OrderedRequestContextFilter - Cleared thread-bound request context: org.apache.catalina.connector.RequestFacade@1ba17d49
2017-08-27 02:39:05,049 DEBUG o.s.b.w.f.OrderedRequestContextFilter - Bound request context to thread: org.apache.catalina.connector.RequestFacade@1ba17d49
2017-08-27 02:39:05,049 DEBUG o.s.web.servlet.DispatcherServlet - DispatcherServlet with name 'dispatcherServlet' processing POST request for [/easybusiness/activity/addActivity]
2017-08-27 02:39:05,050 DEBUG o.s.w.s.m.m.a.RequestMappingHandlerMapping - Looking up handler method for path /easybusiness/activity/addActivity
2017-08-27 02:39:05,050 DEBUG o.s.w.s.m.m.a.RequestMappingHandlerMapping - Returning handler method [public org.springframework.http.ResponseEntity<com.easybusiness.attendancemanagement.dto.ActivityDTO> com.easybusiness.attendancemanagement.services.activity.ActivityServiceImpl.persistActivity(com.easybusiness.attendancemanagement.dto.ActivityDTO)]
2017-08-27 02:39:05,053 DEBUG o.s.b.f.s.DefaultListableBeanFactory - Returning cached instance of singleton bean 'activityServiceImpl'
2017-08-27 02:39:05,054 DEBUG o.s.o.j.s.OpenEntityManagerInViewInterceptor - Opening JPA EntityManager in OpenEntityManagerInViewInterceptor
2017-08-27 02:39:05,260 DEBUG o.s.w.s.m.m.a.RequestResponseBodyMethodProcessor - Read [class com.easybusiness.attendancemanagement.dto.ActivityDTO] as "application/json;charset=UTF-8" with [org.springframework.http.converter.json.MappingJackson2HttpMessageConverter@1ff81b0d]
2017-08-27 02:39:05,276 DEBUG o.s.orm.jpa.JpaTransactionManager - Found thread-bound EntityManager [org.hibernate.jpa.internal.EntityManagerImpl@6a427dab] for JPA transaction
2017-08-27 02:39:05,276 DEBUG o.s.orm.jpa.JpaTransactionManager - Creating new transaction with name [com.easybusiness.attendancepersistence.activity.ActivityDao.addActivity]: PROPAGATION_REQUIRED,ISOLATION_DEFAULT; ''
2017-08-27 02:39:05,276 DEBUG o.s.orm.jpa.JpaTransactionManager - Exposing JPA transaction as JDBC transaction [org.springframework.orm.jpa.vendor.HibernateJpaDialect$HibernateConnectionHandle@32cb90cf]
2017-08-27 02:39:05,276 INFO  c.e.a.activity.ActivityDao - in dao for adding activity master 
2017-08-27 02:39:05,276 DEBUG org.hibernate.SQL - 
    /* select
        generatedAlias0 
    from
        Activity as generatedAlias0 
    where
        generatedAlias0.id=:param0 */ select
            activity0_.activity_id as activity_id1_0_,
            activity0_.activity_end_date as activity_end_date2_0_,
            activity0_.activity_name as activity_name3_0_,
            activity0_.activity_start_date as activity_start_dat4_0_,
            activity0_.activity_status as activity_status5_0_,
            activity0_.mod_by as mod_by6_0_,
            activity0_.mod_on as mod_on7_0_ 
        from
            activity_type activity0_ 
        where
            activity0_.activity_id=?
2017-08-27 02:39:05,276 TRACE o.h.type.descriptor.sql.BasicBinder - binding parameter [1] as [BIGINT] - [0]
2017-08-27 02:39:05,276 INFO  c.e.a.activity.ActivityDao - size is 0
2017-08-27 02:39:05,276 DEBUG org.hibernate.SQL - 
    /* select
        generatedAlias0 
    from
        Activity as generatedAlias0 
    where
        generatedAlias0.id=:param0 */ select
            activity0_.activity_id as activity_id1_0_,
            activity0_.activity_end_date as activity_end_date2_0_,
            activity0_.activity_name as activity_name3_0_,
            activity0_.activity_start_date as activity_start_dat4_0_,
            activity0_.activity_status as activity_status5_0_,
            activity0_.mod_by as mod_by6_0_,
            activity0_.mod_on as mod_on7_0_ 
        from
            activity_type activity0_ 
        where
            activity0_.activity_id=?
2017-08-27 02:39:05,276 TRACE o.h.type.descriptor.sql.BasicBinder - binding parameter [1] as [BIGINT] - [0]
2017-08-27 02:39:05,276 DEBUG o.s.d.r.c.s.TransactionalRepositoryProxyPostProcessor$CustomAnnotationTransactionAttributeSource - Adding transactional method 'addActivity' with attribute: PROPAGATION_REQUIRED,ISOLATION_DEFAULT
2017-08-27 02:39:05,276 DEBUG o.s.b.f.s.DefaultListableBeanFactory - Returning cached instance of singleton bean 'transactionManager'
2017-08-27 02:39:05,276 DEBUG o.s.orm.jpa.JpaTransactionManager - Found thread-bound EntityManager [org.hibernate.jpa.internal.EntityManagerImpl@6a427dab] for JPA transaction
2017-08-27 02:39:05,276 DEBUG o.s.orm.jpa.JpaTransactionManager - Participating in existing transaction
2017-08-27 02:39:05,276 DEBUG o.s.orm.jpa.JpaTransactionManager - Found thread-bound EntityManager [org.hibernate.jpa.internal.EntityManagerImpl@6a427dab] for JPA transaction
2017-08-27 02:39:05,276 DEBUG o.s.orm.jpa.JpaTransactionManager - Participating in existing transaction
2017-08-27 02:39:05,296 DEBUG org.hibernate.SQL - 
    select
        hibernate_sequence.nextval 
    from
        dual
2017-08-27 02:39:05,307 INFO  c.e.a.activity.ActivityDao - Activity added successfully Activity [id=0, activityName=Support, modifiedBy=null, activityStatus=null, activityStartDate=null, activityEndDate=null, modifiedOn=null]
2017-08-27 02:39:05,307 DEBUG o.s.orm.jpa.JpaTransactionManager - Initiating transaction commit
2017-08-27 02:39:05,307 DEBUG o.s.orm.jpa.JpaTransactionManager - Committing JPA transaction on EntityManager [org.hibernate.jpa.internal.EntityManagerImpl@6a427dab]
2017-08-27 02:39:05,318 DEBUG org.hibernate.SQL - 
    /* insert com.easybusiness.attendancepersistence.entity.Activity
        */ insert 
        into
            activity_type
            (activity_end_date, activity_name, activity_start_date, activity_status, mod_by, mod_on, activity_id) 
        values
            (?, ?, ?, ?, ?, ?, ?)
2017-08-27 02:39:05,318 TRACE o.h.type.descriptor.sql.BasicBinder - binding parameter [1] as [DATE] - [null]
2017-08-27 02:39:05,318 TRACE o.h.type.descriptor.sql.BasicBinder - binding parameter [2] as [VARCHAR] - [Support]
2017-08-27 02:39:05,318 TRACE o.h.type.descriptor.sql.BasicBinder - binding parameter [3] as [DATE] - [null]
2017-08-27 02:39:05,319 TRACE o.h.type.descriptor.sql.BasicBinder - binding parameter [4] as [VARCHAR] - [null]
2017-08-27 02:39:05,319 TRACE o.h.type.descriptor.sql.BasicBinder - binding parameter [5] as [VARCHAR] - [null]
2017-08-27 02:39:05,319 TRACE o.h.type.descriptor.sql.BasicBinder - binding parameter [6] as [DATE] - [null]
2017-08-27 02:39:05,319 TRACE o.h.type.descriptor.sql.BasicBinder - binding parameter [7] as [BIGINT] - [1041]
2017-08-27 02:39:05,323 DEBUG o.s.orm.jpa.JpaTransactionManager - Not closing pre-bound JPA EntityManager after transaction
2017-08-27 02:39:05,323 DEBUG o.s.w.s.m.m.a.HttpEntityMethodProcessor - Written [Activity [id=0, activityName=Support, modifiedBy=null, activityStatus=null, activityStartDate=null, activityEndDate=null, modifiedOn=null]] as "application/json" using [org.springframework.http.converter.json.MappingJackson2HttpMessageConverter@1ff81b0d]
2017-08-27 02:39:05,323 DEBUG o.s.web.servlet.DispatcherServlet - Null ModelAndView returned to DispatcherServlet with name 'dispatcherServlet': assuming HandlerAdapter completed request handling
2017-08-27 02:39:05,323 DEBUG o.s.o.j.s.OpenEntityManagerInViewInterceptor - Closing JPA EntityManager in OpenEntityManagerInViewInterceptor
2017-08-27 02:39:05,323 DEBUG o.s.o.jpa.EntityManagerFactoryUtils - Closing JPA EntityManager
2017-08-27 02:39:05,323 DEBUG o.s.web.servlet.DispatcherServlet - Successfully completed request
2017-08-27 02:39:05,323 DEBUG o.s.b.w.f.OrderedRequestContextFilter - Cleared thread-bound request context: org.apache.catalina.connector.RequestFacade@1ba17d49
2017-08-27 02:39:24,066 DEBUG o.s.b.w.f.OrderedRequestContextFilter - Bound request context to thread: org.apache.catalina.connector.RequestFacade@1ba17d49
2017-08-27 02:39:24,067 DEBUG o.s.web.servlet.DispatcherServlet - DispatcherServlet with name 'dispatcherServlet' processing GET request for [/easybusiness/activity/getActivityById/1041]
2017-08-27 02:39:24,067 DEBUG o.s.w.s.m.m.a.RequestMappingHandlerMapping - Looking up handler method for path /easybusiness/activity/getActivityById/1041
2017-08-27 02:39:24,068 DEBUG o.s.w.s.m.m.a.RequestMappingHandlerMapping - Returning handler method [public org.springframework.http.ResponseEntity<com.easybusiness.attendancemanagement.dto.ActivityDTO> com.easybusiness.attendancemanagement.services.activity.ActivityServiceImpl.getActivityById(java.lang.String)]
2017-08-27 02:39:24,068 DEBUG o.s.b.f.s.DefaultListableBeanFactory - Returning cached instance of singleton bean 'activityServiceImpl'
2017-08-27 02:39:24,068 DEBUG o.s.web.servlet.DispatcherServlet - Last-Modified value for [/easybusiness/activity/getActivityById/1041] is: -1
2017-08-27 02:39:24,068 DEBUG o.s.o.j.s.OpenEntityManagerInViewInterceptor - Opening JPA EntityManager in OpenEntityManagerInViewInterceptor
2017-08-27 02:39:24,071 DEBUG o.s.orm.jpa.JpaTransactionManager - Found thread-bound EntityManager [org.hibernate.jpa.internal.EntityManagerImpl@2926b13c] for JPA transaction
2017-08-27 02:39:24,071 DEBUG o.s.orm.jpa.JpaTransactionManager - Creating new transaction with name [com.easybusiness.attendancepersistence.activity.ActivityDao.findActivityById]: PROPAGATION_REQUIRED,ISOLATION_DEFAULT,readOnly; ''
2017-08-27 02:39:24,072 DEBUG o.s.jdbc.datasource.DataSourceUtils - Setting JDBC Connection [ProxyConnection[PooledConnection[oracle.jdbc.driver.T4CConnection@5d425813]]] read-only
2017-08-27 02:39:24,072 DEBUG o.s.orm.jpa.JpaTransactionManager - Exposing JPA transaction as JDBC transaction [org.springframework.orm.jpa.vendor.HibernateJpaDialect$HibernateConnectionHandle@51a826e5]
2017-08-27 02:39:24,073 DEBUG org.hibernate.SQL - 
    /* select
        generatedAlias0 
    from
        Activity as generatedAlias0 
    where
        generatedAlias0.id=:param0 */ select
            activity0_.activity_id as activity_id1_0_,
            activity0_.activity_end_date as activity_end_date2_0_,
            activity0_.activity_name as activity_name3_0_,
            activity0_.activity_start_date as activity_start_dat4_0_,
            activity0_.activity_status as activity_status5_0_,
            activity0_.mod_by as mod_by6_0_,
            activity0_.mod_on as mod_on7_0_ 
        from
            activity_type activity0_ 
        where
            activity0_.activity_id=?
2017-08-27 02:39:24,075 TRACE o.h.type.descriptor.sql.BasicBinder - binding parameter [1] as [BIGINT] - [1041]
2017-08-27 02:39:24,077 DEBUG o.s.orm.jpa.JpaTransactionManager - Initiating transaction commit
2017-08-27 02:39:24,077 DEBUG o.s.orm.jpa.JpaTransactionManager - Committing JPA transaction on EntityManager [org.hibernate.jpa.internal.EntityManagerImpl@2926b13c]
2017-08-27 02:39:24,077 DEBUG o.s.jdbc.datasource.DataSourceUtils - Resetting read-only flag of JDBC Connection [ProxyConnection[PooledConnection[oracle.jdbc.driver.T4CConnection@5d425813]]]
2017-08-27 02:39:24,077 DEBUG o.s.orm.jpa.JpaTransactionManager - Not closing pre-bound JPA EntityManager after transaction
2017-08-27 02:39:24,079 DEBUG o.s.w.s.m.m.a.HttpEntityMethodProcessor - Written [Activity [id=1041, activityName=Support, modifiedBy=null, activityStatus=null, activityStartDate=null, activityEndDate=null, modifiedOn=null]] as "application/json" using [org.springframework.http.converter.json.MappingJackson2HttpMessageConverter@1ff81b0d]
2017-08-27 02:39:24,079 DEBUG o.s.web.servlet.DispatcherServlet - Null ModelAndView returned to DispatcherServlet with name 'dispatcherServlet': assuming HandlerAdapter completed request handling
2017-08-27 02:39:24,079 DEBUG o.s.o.j.s.OpenEntityManagerInViewInterceptor - Closing JPA EntityManager in OpenEntityManagerInViewInterceptor
2017-08-27 02:39:24,079 DEBUG o.s.o.jpa.EntityManagerFactoryUtils - Closing JPA EntityManager
2017-08-27 02:39:24,079 DEBUG o.s.web.servlet.DispatcherServlet - Successfully completed request
2017-08-27 02:39:24,079 DEBUG o.s.b.w.f.OrderedRequestContextFilter - Cleared thread-bound request context: org.apache.catalina.connector.RequestFacade@1ba17d49
2017-08-27 02:39:39,457 DEBUG o.s.b.w.f.OrderedRequestContextFilter - Bound request context to thread: org.apache.catalina.connector.RequestFacade@1ba17d49
2017-08-27 02:39:39,457 DEBUG o.s.web.servlet.DispatcherServlet - DispatcherServlet with name 'dispatcherServlet' processing GET request for [/easybusiness/activity/getActivityByName/Support]
2017-08-27 02:39:39,458 DEBUG o.s.w.s.m.m.a.RequestMappingHandlerMapping - Looking up handler method for path /easybusiness/activity/getActivityByName/Support
2017-08-27 02:39:39,467 DEBUG o.s.w.s.m.m.a.RequestMappingHandlerMapping - Returning handler method [public org.springframework.http.ResponseEntity<com.easybusiness.attendancemanagement.dto.ActivityDTO> com.easybusiness.attendancemanagement.services.activity.ActivityServiceImpl.getActivityByName(java.lang.String)]
2017-08-27 02:39:39,467 DEBUG o.s.b.f.s.DefaultListableBeanFactory - Returning cached instance of singleton bean 'activityServiceImpl'
2017-08-27 02:39:39,467 DEBUG o.s.web.servlet.DispatcherServlet - Last-Modified value for [/easybusiness/activity/getActivityByName/Support] is: -1
2017-08-27 02:39:39,467 DEBUG o.s.o.j.s.OpenEntityManagerInViewInterceptor - Opening JPA EntityManager in OpenEntityManagerInViewInterceptor
2017-08-27 02:39:39,468 DEBUG o.s.orm.jpa.JpaTransactionManager - Found thread-bound EntityManager [org.hibernate.jpa.internal.EntityManagerImpl@57c7d1e1] for JPA transaction
2017-08-27 02:39:39,468 DEBUG o.s.orm.jpa.JpaTransactionManager - Creating new transaction with name [com.easybusiness.attendancepersistence.activity.ActivityDao.findActivityByActivityName]: PROPAGATION_REQUIRED,ISOLATION_DEFAULT,readOnly; ''
2017-08-27 02:39:39,472 DEBUG o.s.jdbc.datasource.DataSourceUtils - Setting JDBC Connection [ProxyConnection[PooledConnection[oracle.jdbc.driver.T4CConnection@5d425813]]] read-only
2017-08-27 02:39:39,472 DEBUG o.s.orm.jpa.JpaTransactionManager - Exposing JPA transaction as JDBC transaction [org.springframework.orm.jpa.vendor.HibernateJpaDialect$HibernateConnectionHandle@53f84fc1]
2017-08-27 02:39:39,475 DEBUG org.hibernate.SQL - 
    /* select
        generatedAlias0 
    from
        Activity as generatedAlias0 
    where
        generatedAlias0.activityName=:param0 */ select
            activity0_.activity_id as activity_id1_0_,
            activity0_.activity_end_date as activity_end_date2_0_,
            activity0_.activity_name as activity_name3_0_,
            activity0_.activity_start_date as activity_start_dat4_0_,
            activity0_.activity_status as activity_status5_0_,
            activity0_.mod_by as mod_by6_0_,
            activity0_.mod_on as mod_on7_0_ 
        from
            activity_type activity0_ 
        where
            activity0_.activity_name=?
2017-08-27 02:39:39,475 TRACE o.h.type.descriptor.sql.BasicBinder - binding parameter [1] as [VARCHAR] - [Support]
2017-08-27 02:39:39,478 DEBUG o.s.orm.jpa.JpaTransactionManager - Initiating transaction commit
2017-08-27 02:39:39,478 DEBUG o.s.orm.jpa.JpaTransactionManager - Committing JPA transaction on EntityManager [org.hibernate.jpa.internal.EntityManagerImpl@57c7d1e1]
2017-08-27 02:39:39,479 DEBUG o.s.jdbc.datasource.DataSourceUtils - Resetting read-only flag of JDBC Connection [ProxyConnection[PooledConnection[oracle.jdbc.driver.T4CConnection@5d425813]]]
2017-08-27 02:39:39,479 DEBUG o.s.orm.jpa.JpaTransactionManager - Not closing pre-bound JPA EntityManager after transaction
2017-08-27 02:39:39,480 DEBUG o.s.w.s.m.m.a.HttpEntityMethodProcessor - Written [Activity [id=1041, activityName=Support, modifiedBy=null, activityStatus=null, activityStartDate=null, activityEndDate=null, modifiedOn=null]] as "application/json" using [org.springframework.http.converter.json.MappingJackson2HttpMessageConverter@1ff81b0d]
2017-08-27 02:39:39,480 DEBUG o.s.web.servlet.DispatcherServlet - Null ModelAndView returned to DispatcherServlet with name 'dispatcherServlet': assuming HandlerAdapter completed request handling
2017-08-27 02:39:39,480 DEBUG o.s.o.j.s.OpenEntityManagerInViewInterceptor - Closing JPA EntityManager in OpenEntityManagerInViewInterceptor
2017-08-27 02:39:39,480 DEBUG o.s.o.jpa.EntityManagerFactoryUtils - Closing JPA EntityManager
2017-08-27 02:39:39,480 DEBUG o.s.web.servlet.DispatcherServlet - Successfully completed request
2017-08-27 02:39:39,480 DEBUG o.s.b.w.f.OrderedRequestContextFilter - Cleared thread-bound request context: org.apache.catalina.connector.RequestFacade@1ba17d49
